This is pdfTeX, Version 3.14159265-2.6-1.40.16 (TeX Live 2015/Debian) (preloaded format=latex 2016.6.26)  26 JUN 2016 22:33
entering extended mode
 restricted \write18 enabled.
 %&-line parsing enabled.
**examples_kmbeamer.dtx
(./examples_kmbeamer.dtx
LaTeX2e <2016/02/01>
Babel <3.9q> and hyphenation patterns for 81 language(s) loaded.
(/usr/share/texlive/texmf-dist/tex/latex/base/docstrip.tex
\blockLevel=\count79
\emptyLines=\count80
\processedLines=\count81
\commentsRemoved=\count82
\commentsPassed=\count83
\codeLinesPassed=\count84
\TotalprocessedLines=\count85
\TotalcommentsRemoved=\count86
\TotalcommentsPassed=\count87
\TotalcodeLinesPassed=\count88
\NumberOfFiles=\count89
\inFile=\read1
\inputcheck=\read2
\off@0=\count90
\off@1=\count91
\off@2=\count92
\off@3=\count93
\off@4=\count94
\off@5=\count95
\off@6=\count96
\off@7=\count97
\off@8=\count98
\off@9=\count99
\off@10=\count100
\off@11=\count101
\off@12=\count102
\off@13=\count103
\off@14=\count104
\off@15=\count105
\@maxfiles=\count106
\@maxoutfiles=\count107

Utility: `docstrip' 2.5e <2014/09/29>
English documentation    <2014/09/29>

**********************************************************
* This program converts documented macro-files into fast *
* loadable files by stripping off (nearly) all comments! *
**********************************************************

********************************************************
* No Configuration file found, using default settings. *
********************************************************

)

Generating file(s) ./example_Blackboard.tex 
\openout0 = `./example_Blackboard.tex'.


Processing file examples_kmbeamer.dtx (Blackboard) -> example_Blackboard.tex
Lines  processed: 86
Comments removed: 1
Comments  passed: 0
Codelines passed: 79


Generating file(s) ./example_DarkConsole.tex 
\openout0 = `./example_DarkConsole.tex'.


Processing file examples_kmbeamer.dtx (DarkConsole) -> example_DarkConsole.tex
Lines  processed: 86
Comments removed: 1
Comments  passed: 0
Codelines passed: 79

Overall statistics:
Files  processed: 2
Lines  processed: 172
Comments removed: 2
Comments  passed: 0
Codelines passed: 158
 ) 
Here is how much of TeX's memory you used:
 324 strings out of 493030
 3511 string characters out of 6136260
 57541 words of memory out of 5000000
 3954 multiletter control sequences out of 15000+600000
 3640 words of font info for 14 fonts, out of 8000000 for 9000
 1141 hyphenation exceptions out of 8191
 11i,0n,15p,193b,126s stack positions out of 5000i,500n,10000p,200000b,80000s

No pages of output.
